
> wether-app@0.1.0 start /home/ubuntu/Weather-app
> react-scripts start

Starting the development server...

Compiled successfully!

You can now view wether-app in the browser.

  Local:            http://localhost:3000/
  On Your Network:  http://172.31.36.81:3000/

Note that the development build is not optimized.
To create a production build, use npm run build.


> wether-app@0.1.0 start /home/ubuntu/Weather-app
> react-scripts start

Starting the development server...

Compiled successfully!

You can now view wether-app in the browser.

  Local:            http://localhost:3000/
  On Your Network:  http://172.31.36.81:3000/

Note that the development build is not optimized.
To create a production build, use npm run build.


> wether-app@0.1.0 start /home/ubuntu/Weather-app
> react-scripts start

Starting the development server...

Compiled successfully!

You can now view wether-app in the browser.

  Local:            http://localhost:3000/
  On Your Network:  http://172.31.36.81:3000/

Note that the development build is not optimized.
To create a production build, use npm run build.


> wether-app@0.1.0 start /home/ubuntu/Weather-app
> react-scripts start

Starting the development server...

Compiled successfully!

You can now view wether-app in the browser.

  Local:            http://localhost:3000/
  On Your Network:  http://172.31.36.81:3000/

Note that the development build is not optimized.
To create a production build, use npm run build.


> wether-app@0.1.0 start /home/ubuntu/Weather-app
> react-scripts start

Something is already running on port 3000.

┌──────────────────────────────────────────────────────────┐
│                 npm update check failed                  │
│           Try running with sudo or get access            │
│           to the local update config store via           │
│ sudo chown -R $USER:$(id -gn $USER) /home/ubuntu/.config │
└──────────────────────────────────────────────────────────┘

> wether-app@0.1.0 start /home/ubuntu/Weather-app
> react-scripts start

Starting the development server...

Compiled successfully!

You can now view wether-app in the browser.

  Local:            http://localhost:3000/
  On Your Network:  http://172.31.36.81:3000/

Note that the development build is not optimized.
To create a production build, use npm run build.


> wether-app@0.1.0 start /home/ubuntu/Weather-app
> react-scripts start

Something is already running on port 3000.

┌──────────────────────────────────────────────────────────┐
│                 npm update check failed                  │
│           Try running with sudo or get access            │
│           to the local update config store via           │
│ sudo chown -R $USER:$(id -gn $USER) /home/ubuntu/.config │
└──────────────────────────────────────────────────────────┘
